<?xml version="1.0" encoding="UTF-8"?>
<testng-results ignored="0" total="1" passed="1" failed="0" skipped="0">
  <reporter-output>
  </reporter-output>
  <suite started-at="2020-06-11T03:02:59Z" name="Default suite" finished-at="2020-06-11T03:03:10Z" duration-ms="11451">
    <groups>
    </groups>
    <test started-at="2020-06-11T03:02:59Z" name="Default test" finished-at="2020-06-11T03:03:10Z" duration-ms="11451">
      <class name="tests.LandingPageTest">
        <test-method is-config="true" signature="setUp(java.lang.reflect.Method, java.lang.String, org.testng.ITestContext)[pri:0, instance:tests.LandingPageTest@3e3047e6]" started-at="2020-06-11T03:02:59Z" name="setUp" finished-at="2020-06-11T03:03:05Z" duration-ms="5838" status="PASS">
          <params>
            <param index="0">
              <value is-null="true"/>
            </param>
            <param index="1">
              <value>
                <![CDATA[chrome]]>
              </value>
            </param>
            <param index="2">
              <value>
                <![CDATA[org.testng.TestRunner@54da32dc]]>
              </value>
            </param>
          </params>
          <reporter-output>
          </reporter-output>
        </test-method> <!-- setUp -->
        <test-method signature="testLandingPage()[pri:0, instance:tests.LandingPageTest@3e3047e6]" started-at="2020-06-11T03:03:05Z" name="testLandingPage" finished-at="2020-06-11T03:03:10Z" duration-ms="4467" status="PASS">
          <reporter-output>
          </reporter-output>
        </test-method> <!-- testLandingPage -->
        <test-method is-config="true" signature="tearDown()[pri:0, instance:tests.LandingPageTest@3e3047e6]" started-at="2020-06-11T03:03:10Z" name="tearDown" finished-at="2020-06-11T03:03:10Z" duration-ms="641" status="PASS">
          <reporter-output>
          </reporter-output>
        </test-method> <!-- tearDown -->
      </class> <!-- tests.LandingPageTest -->
    </test> <!-- Default test -->
  </suite> <!-- Default suite -->
</testng-results>
